2023-08-07 15:13:18.436	[31mFATAL[0m	load config failed!%!(EXTRA *errors.errorString=yaml: line 38: did not find expected node content)
main.main
	D:/terminator/go/terminator/cmd/terminator/main.go:52
runtime.main
	C:/Program Files/Go/src/runtime/proc.go:250
2023-08-07 15:14:20.202	[35mDEBUG[0m	/api/v1/user/list%!(EXTRA string=status, int=200, string=method, string=GET, string=path, string=/api/v1/user/list, string=query, string=, string=ip, string=::1, string=cost, time.Duration=70.4928ms, string=user-agent, string=PostmanRuntime/7.32.3, string=error, string=)
2023-08-07 15:32:43.045	[31mFATAL[0m	load config failed!%!(EXTRA *yaml.TypeError=yaml: unmarshal errors:
  line 16: cannot unmarshal !!int `600` into time.Duration
  line 18: cannot unmarshal !!str `info` into int)
main.main
	D:/terminator/go/terminator/cmd/terminator/main.go:52
runtime.main
	C:/Program Files/Go/src/runtime/proc.go:250
2023-08-07 15:33:48.541	[31mFATAL[0m	load config failed!%!(EXTRA *yaml.TypeError=yaml: unmarshal errors:
  line 16: cannot unmarshal !!int `600` into time.Duration)
main.main
	D:/terminator/go/terminator/cmd/terminator/main.go:52
runtime.main
	C:/Program Files/Go/src/runtime/proc.go:250
2023-08-07 15:39:02.879	[35mDEBUG[0m	/api/v1/user/list%!(EXTRA string=status, int=200, string=method, string=GET, string=path, string=/api/v1/user/list, string=query, string=, string=ip, string=::1, string=cost, time.Duration=19.6576ms, string=user-agent, string=PostmanRuntime/7.32.3, string=error, string=)
2023-08-07 15:46:23.493	[35mDEBUG[0m	/api/v1/user/list%!(EXTRA string=status, int=200, string=method, string=GET, string=path, string=/api/v1/user/list, string=query, string=, string=ip, string=::1, string=cost, time.Duration=10.06ms, string=user-agent, string=PostmanRuntime/7.32.3, string=error, string=)
2023-08-07 15:47:50.537	[35mDEBUG[0m	/api/v1/user/list%!(EXTRA string=status, int=200, string=method, string=GET, string=path, string=/api/v1/user/list, string=query, string=, string=ip, string=::1, string=cost, time.Duration=15.2154ms, string=user-agent, string=PostmanRuntime/7.32.3, string=error, string=)
2023-08-07 15:49:47.104	[35mDEBUG[0m	/api/v1/user/list%!(EXTRA string=status, int=200, string=method, string=GET, string=path, string=/api/v1/user/list, string=query, string=, string=ip, string=::1, string=cost, time.Duration=11.174ms, string=user-agent, string=PostmanRuntime/7.32.3, string=error, string=)
2023-08-07 15:54:01.384	[35mDEBUG[0m	/api/v1/user/list%!(EXTRA string=status, int=200, string=method, string=GET, string=path, string=/api/v1/user/list, string=query, string=, string=ip, string=::1, string=cost, time.Duration=9.6606ms, string=user-agent, string=PostmanRuntime/7.32.3, string=error, string=)
2023-08-07 15:55:21.043	[35mDEBUG[0m	/api/v1/user/list%!(EXTRA string=status, int=200, string=method, string=GET, string=path, string=/api/v1/user/list, string=query, string=, string=ip, string=::1, string=cost, time.Duration=523.5µs, string=user-agent, string=PostmanRuntime/7.32.3, string=error, string=)
2023-08-07 15:56:18.236	[35mDEBUG[0m	/api/v1/user/list%!(EXTRA string=status, int=200, string=method, string=GET, string=path, string=/api/v1/user/list, string=query, string=, string=ip, string=::1, string=cost, time.Duration=7.1199ms, string=user-agent, string=PostmanRuntime/7.32.3, string=error, string=)
2023-08-07 16:00:36.711	[35mDEBUG[0m	/api/v1/user/list%!(EXTRA string=status, int=200, string=method, string=GET, string=path, string=/api/v1/user/list, string=query, string=, string=ip, string=::1, string=cost, time.Duration=9.772ms, string=user-agent, string=PostmanRuntime/7.32.3, string=error, string=)
2023-08-07 16:12:26.026	[35mDEBUG[0m	/api/v1/user/list%!(EXTRA string=status, int=200, string=method, string=GET, string=path, string=/api/v1/user/list, string=query, string=, string=ip, string=::1, string=cost, time.Duration=11.1066ms, string=user-agent, string=PostmanRuntime/7.32.3, string=error, string=)
2023-08-07 16:14:44.639	[35mDEBUG[0m	/api/v1/user/list%!(EXTRA string=status, int=200, string=method, string=GET, string=path, string=/api/v1/user/list, string=query, string=, string=ip, string=::1, string=cost, time.Duration=7.9563ms, string=user-agent, string=PostmanRuntime/7.32.3, string=error, string=)
2023-08-07 16:15:58.886	[35mDEBUG[0m	/api/v1/user%!(EXTRA string=status, int=200, string=method, string=POST, string=path, string=/api/v1/user, string=query, string=, string=ip, string=::1, string=cost, time.Duration=10.7925ms, string=user-agent, string=PostmanRuntime/7.32.3, string=error, string=)
2023-08-07 16:16:00.106	[35mDEBUG[0m	/api/v1/user%!(EXTRA string=status, int=200, string=method, string=POST, string=path, string=/api/v1/user, string=query, string=, string=ip, string=::1, string=cost, time.Duration=3.4195ms, string=user-agent, string=PostmanRuntime/7.32.3, string=error, string=)
2023-08-07 16:16:03.647	[35mDEBUG[0m	/api/v1/user%!(EXTRA string=status, int=200, string=method, string=POST, string=path, string=/api/v1/user, string=query, string=, string=ip, string=::1, string=cost, time.Duration=3.6458ms, string=user-agent, string=PostmanRuntime/7.32.3, string=error, string=)
2023-08-07 16:16:04.499	[35mDEBUG[0m	/api/v1/user%!(EXTRA string=status, int=200, string=method, string=POST, string=path, string=/api/v1/user, string=query, string=, string=ip, string=::1, string=cost, time.Duration=3.6608ms, string=user-agent, string=PostmanRuntime/7.32.3, string=error, string=)
2023-08-07 16:16:05.173	[35mDEBUG[0m	/api/v1/user%!(EXTRA string=status, int=200, string=method, string=POST, string=path, string=/api/v1/user, string=query, string=, string=ip, string=::1, string=cost, time.Duration=2.9868ms, string=user-agent, string=PostmanRuntime/7.32.3, string=error, string=)
2023-08-07 16:16:05.582	[35mDEBUG[0m	/api/v1/user%!(EXTRA string=status, int=200, string=method, string=POST, string=path, string=/api/v1/user, string=query, string=, string=ip, string=::1, string=cost, time.Duration=4.1692ms, string=user-agent, string=PostmanRuntime/7.32.3, string=error, string=)
2023-08-07 16:16:18.748	[35mDEBUG[0m	/api/v1/user%!(EXTRA string=status, int=200, string=method, string=POST, string=path, string=/api/v1/user, string=query, string=, string=ip, string=::1, string=cost, time.Duration=6.4771ms, string=user-agent, string=PostmanRuntime/7.32.3, string=error, string=)
2023-08-07 16:16:32.054	[35mDEBUG[0m	/api/v1/user/list%!(EXTRA string=status, int=200, string=method, string=GET, string=path, string=/api/v1/user/list, string=query, string=, string=ip, string=::1, string=cost, time.Duration=8.4808ms, string=user-agent, string=PostmanRuntime/7.32.3, string=error, string=)
2023-08-07 16:17:00.389	[35mDEBUG[0m	/api/v1/user%!(EXTRA string=status, int=200, string=method, string=POST, string=path, string=/api/v1/user, string=query, string=, string=ip, string=::1, string=cost, time.Duration=7.4756ms, string=user-agent, string=PostmanRuntime/7.32.3, string=error, string=)
2023-08-07 16:17:01.248	[35mDEBUG[0m	/api/v1/user%!(EXTRA string=status, int=200, string=method, string=POST, string=path, string=/api/v1/user, string=query, string=, string=ip, string=::1, string=cost, time.Duration=3.3352ms, string=user-agent, string=PostmanRuntime/7.32.3, string=error, string=)
2023-08-07 16:17:02.113	[35mDEBUG[0m	/api/v1/user%!(EXTRA string=status, int=200, string=method, string=POST, string=path, string=/api/v1/user, string=query, string=, string=ip, string=::1, string=cost, time.Duration=2.7584ms, string=user-agent, string=PostmanRuntime/7.32.3, string=error, string=)
2023-08-07 16:17:12.108	[35mDEBUG[0m	/api/v1/user/list%!(EXTRA string=status, int=200, string=method, string=GET, string=path, string=/api/v1/user/list, string=query, string=, string=ip, string=::1, string=cost, time.Duration=20.6115ms, string=user-agent, string=PostmanRuntime/7.32.3, string=error, string=)
2023-08-07 16:17:47.108	[35mDEBUG[0m	/api/v1/user/list%!(EXTRA string=status, int=200, string=method, string=GET, string=path, string=/api/v1/user/list, string=query, string=, string=ip, string=::1, string=cost, time.Duration=7.7367ms, string=user-agent, string=PostmanRuntime/7.32.3, string=error, string=)
2023-08-07 16:26:21.142	[35mDEBUG[0m	/api/v1/user/list%!(EXTRA string=status, int=200, string=method, string=GET, string=path, string=/api/v1/user/list, string=query, string=, string=ip, string=::1, string=cost, time.Duration=9.8442ms, string=user-agent, string=PostmanRuntime/7.32.3, string=error, string=)
2023-08-07 16:28:37.418	[35mDEBUG[0m	/api/v1/user/list%!(EXTRA string=status, int=200, string=method, string=GET, string=path, string=/api/v1/user/list, string=query, string=, string=ip, string=::1, string=cost, time.Duration=8.4436ms, string=user-agent, string=PostmanRuntime/7.32.3, string=error, string=)
2023-08-07 16:28:39.206	[35mDEBUG[0m	/api/v1/user/list%!(EXTRA string=status, int=200, string=method, string=GET, string=path, string=/api/v1/user/list, string=query, string=, string=ip, string=::1, string=cost, time.Duration=3.9908ms, string=user-agent, string=PostmanRuntime/7.32.3, string=error, string=)
2023-08-07 16:28:47.398	[35mDEBUG[0m	/api/v1/user/list%!(EXTRA string=status, int=200, string=method, string=GET, string=path, string=/api/v1/user/list, string=query, string=, string=ip, string=::1, string=cost, time.Duration=4.5248ms, string=user-agent, string=PostmanRuntime/7.32.3, string=error, string=)
2023-08-07 16:29:29.126	[35mDEBUG[0m	/api/v1/user/list%!(EXTRA string=status, int=200, string=method, string=GET, string=path, string=/api/v1/user/list, string=query, string=, string=ip, string=::1, string=cost, time.Duration=8.2937ms, string=user-agent, string=PostmanRuntime/7.32.3, string=error, string=)
2023-08-07 16:32:49.436	[35mDEBUG[0m	/api/v1/user/list%!(EXTRA string=status, int=200, string=method, string=GET, string=path, string=/api/v1/user/list, string=query, string=, string=ip, string=::1, string=cost, time.Duration=2m5.5879932s, string=user-agent, string=PostmanRuntime/7.32.3, string=error, string=)
2023-08-07 16:37:07.193	[35mDEBUG[0m	/api/v1/user/list%!(EXTRA string=status, int=200, string=method, string=GET, string=path, string=/api/v1/user/list, string=query, string=, string=ip, string=::1, string=cost, time.Duration=4m7.1226559s, string=user-agent, string=PostmanRuntime/7.32.3, string=error, string=)
2023-08-07 16:58:31.273	[35mDEBUG[0m	/api/v1/user/list%!(EXTRA string=status, int=200, string=method, string=GET, string=path, string=/api/v1/user/list, string=query, string=, string=ip, string=::1, string=cost, time.Duration=21m0.4074755s, string=user-agent, string=PostmanRuntime/7.32.3, string=error, string=)
2023-08-07 17:00:12.481	[35mDEBUG[0m	/api/v1/user/list%!(EXTRA string=status, int=200, string=method, string=GET, string=path, string=/api/v1/user/list, string=query, string=, string=ip, string=::1, string=cost, time.Duration=9.2719ms, string=user-agent, string=PostmanRuntime/7.32.3, string=error, string=)
2023-08-07 17:00:25.903	[35mDEBUG[0m	/api/v1/user/list%!(EXTRA string=status, int=200, string=method, string=GET, string=path, string=/api/v1/user/list, string=query, string=, string=ip, string=::1, string=cost, time.Duration=7.1195ms, string=user-agent, string=PostmanRuntime/7.32.3, string=error, string=)
2023-08-07 17:08:40.574	[35mDEBUG[0m	/api/v1/user/list%!(EXTRA string=status, int=200, string=method, string=GET, string=path, string=/api/v1/user/list, string=query, string=, string=ip, string=::1, string=cost, time.Duration=5m53.0314847s, string=user-agent, string=PostmanRuntime/7.32.3, string=error, string=)
2023-08-07 17:08:46.463	[35mDEBUG[0m	/api/v1/user:list%!(EXTRA string=status, int=200, string=method, string=GET, string=path, string=/api/v1/user:list, string=query, string=, string=ip, string=::1, string=cost, time.Duration=0s, string=user-agent, string=PostmanRuntime/7.32.3, string=error, string=)
2023-08-07 17:09:25.468	[35mDEBUG[0m	/api/v1/user:list%!(EXTRA string=status, int=200, string=method, string=GET, string=path, string=/api/v1/user:list, string=query, string=, string=ip, string=::1, string=cost, time.Duration=6.8975ms, string=user-agent, string=PostmanRuntime/7.32.3, string=error, string=)
2023-08-07 17:13:04.104	[35mDEBUG[0m	/api/v1/user:list%!(EXTRA string=status, int=200, string=method, string=GET, string=path, string=/api/v1/user:list, string=query, string=, string=ip, string=::1, string=cost, time.Duration=0s, string=user-agent, string=PostmanRuntime/7.32.3, string=error, string=)
2023-08-07 17:13:13.628	[35mDEBUG[0m	/api/v1/users%!(EXTRA string=status, int=200, string=method, string=GET, string=path, string=/api/v1/users, string=query, string=, string=ip, string=::1, string=cost, time.Duration=19.3496ms, string=user-agent, string=PostmanRuntime/7.32.3, string=error, string=)
2023-08-07 17:25:22.536	[35mDEBUG[0m	/api/v1/users%!(EXTRA string=status, int=200, string=method, string=GET, string=path, string=/api/v1/users, string=query, string=, string=ip, string=::1, string=cost, time.Duration=11m39.2610361s, string=user-agent, string=PostmanRuntime/7.32.3, string=error, string=)
2023-08-07 18:19:16.766	[35mDEBUG[0m	/api/v1/users%!(EXTRA string=status, int=200, string=method, string=GET, string=path, string=/api/v1/users, string=query, string=, string=ip, string=::1, string=cost, time.Duration=53m32.8521654s, string=user-agent, string=PostmanRuntime/7.32.3, string=error, string=)
2023-08-07 18:22:02.543	[35mDEBUG[0m	/api/v1/users%!(EXTRA string=status, int=200, string=method, string=GET, string=path, string=/api/v1/users, string=query, string=, string=ip, string=::1, string=cost, time.Duration=2m24.4292434s, string=user-agent, string=PostmanRuntime/7.32.3, string=error, string=)
2023-08-07 18:22:02.543	[35mDEBUG[0m	/api/v1/users%!(EXTRA string=status, int=200, string=method, string=GET, string=path, string=/api/v1/users, string=query, string=, string=ip, string=::1, string=cost, time.Duration=532.4µs, string=user-agent, string=PostmanRuntime/7.32.3, string=error, string=)
2023-08-07 18:23:27.649	[35mDEBUG[0m	/api/v1/users%!(EXTRA string=status, int=200, string=method, string=GET, string=path, string=/api/v1/users, string=query, string=, string=ip, string=::1, string=cost, time.Duration=55.8173932s, string=user-agent, string=PostmanRuntime/7.32.3, string=error, string=)
2023-08-07 18:25:40.115	[35mDEBUG[0m	/api/v1/users%!(EXTRA string=status, int=200, string=method, string=GET, string=path, string=/api/v1/users, string=query, string=, string=ip, string=::1, string=cost, time.Duration=1m0.3910645s, string=user-agent, string=PostmanRuntime/7.32.3, string=error, string=)
2023-08-07 18:28:18.204	[35mDEBUG[0m	/api/v1/users%!(EXTRA string=status, int=200, string=method, string=GET, string=path, string=/api/v1/users, string=query, string=page_size=10&page_token=1, string=ip, string=::1, string=cost, time.Duration=1m32.3328353s, string=user-agent, string=PostmanRuntime/7.32.3, string=error, string=)
2023-08-07 18:28:57.059	[35mDEBUG[0m	/api/v1/users%!(EXTRA string=status, int=200, string=method, string=GET, string=path, string=/api/v1/users, string=query, string=page_size=20&page_token=1, string=ip, string=::1, string=cost, time.Duration=4.1350647s, string=user-agent, string=PostmanRuntime/7.32.3, string=error, string=)
2023-08-07 18:29:36.539	[35mDEBUG[0m	/api/v1/users%!(EXTRA string=status, int=200, string=method, string=GET, string=path, string=/api/v1/users, string=query, string=page_size=10&page_token=2, string=ip, string=::1, string=cost, time.Duration=4.1277683s, string=user-agent, string=PostmanRuntime/7.32.3, string=error, string=)
2023-08-07 19:40:47.945	[35mDEBUG[0m	/api/v1/product%!(EXTRA string=status, int=200, string=method, string=POST, string=path, string=/api/v1/product, string=query, string=, string=ip, string=::1, string=cost, time.Duration=19.3423ms, string=user-agent, string=PostmanRuntime/7.32.3, string=error, string=)
2023-08-07 19:42:57.021	[35mDEBUG[0m	/api/v1/product%!(EXTRA string=status, int=200, string=method, string=POST, string=path, string=/api/v1/product, string=query, string=, string=ip, string=::1, string=cost, time.Duration=6.3704ms, string=user-agent, string=PostmanRuntime/7.32.3, string=error, string=)
2023-08-07 19:46:26.443	[35mDEBUG[0m	/api/v1/product%!(EXTRA string=status, int=200, string=method, string=POST, string=path, string=/api/v1/product, string=query, string=, string=ip, string=::1, string=cost, time.Duration=6.2507ms, string=user-agent, string=PostmanRuntime/7.32.3, string=error, string=)
2023-08-07 19:48:35.821	[35mDEBUG[0m	/api/v1/product%!(EXTRA string=status, int=200, string=method, string=PUT, string=path, string=/api/v1/product, string=query, string=id=1, string=ip, string=::1, string=cost, time.Duration=0s, string=user-agent, string=PostmanRuntime/7.32.3, string=error, string=)
2023-08-07 19:49:08.464	[35mDEBUG[0m	/api/v1/product%!(EXTRA string=status, int=200, string=method, string=PUT, string=path, string=/api/v1/product, string=query, string=, string=ip, string=::1, string=cost, time.Duration=0s, string=user-agent, string=PostmanRuntime/7.32.3, string=error, string=)
2023-08-07 19:50:02.417	[35mDEBUG[0m	/api/v1/product/1%!(EXTRA string=status, int=200, string=method, string=PUT, string=path, string=/api/v1/product/1, string=query, string=, string=ip, string=::1, string=cost, time.Duration=0s, string=user-agent, string=PostmanRuntime/7.32.3, string=error, string=)
2023-08-07 19:50:35.110	[35mDEBUG[0m	/api/v1/product/{1}%!(EXTRA string=status, int=200, string=method, string=PUT, string=path, string=/api/v1/product/{1}, string=query, string=, string=ip, string=::1, string=cost, time.Duration=925.5µs, string=user-agent, string=PostmanRuntime/7.32.3, string=error, string=)
2023-08-07 19:50:39.811	[35mDEBUG[0m	/api/v1/product/1%!(EXTRA string=status, int=200, string=method, string=PUT, string=path, string=/api/v1/product/1, string=query, string=, string=ip, string=::1, string=cost, time.Duration=0s, string=user-agent, string=PostmanRuntime/7.32.3, string=error, string=)
2023-08-07 19:55:01.765	[35mDEBUG[0m	/api/v1/product/1%!(EXTRA string=status, int=200, string=method, string=PUT, string=path, string=/api/v1/product/1, string=query, string=, string=ip, string=::1, string=cost, time.Duration=0s, string=user-agent, string=PostmanRuntime/7.32.3, string=error, string=)
2023-08-07 19:56:09.944	[35mDEBUG[0m	/api/v1/product/1%!(EXTRA string=status, int=200, string=method, string=PUT, string=path, string=/api/v1/product/1, string=query, string=, string=ip, string=::1, string=cost, time.Duration=541.6µs, string=user-agent, string=PostmanRuntime/7.32.3, string=error, string=)
2023-08-07 19:56:47.593	[35mDEBUG[0m	/api/v1/product%!(EXTRA string=status, int=200, string=method, string=POST, string=path, string=/api/v1/product, string=query, string=, string=ip, string=::1, string=cost, time.Duration=20.766ms, string=user-agent, string=PostmanRuntime/7.32.3, string=error, string=)
2023-08-07 19:57:38.737	[35mDEBUG[0m	/api/v1/product/1%!(EXTRA string=status, int=200, string=method, string=PUT, string=path, string=/api/v1/product/1, string=query, string=, string=ip, string=::1, string=cost, time.Duration=0s, string=user-agent, string=PostmanRuntime/7.32.3, string=error, string=)
2023-08-07 19:57:55.759	[35mDEBUG[0m	/api/v1/product/1%!(EXTRA string=status, int=200, string=method, string=GET, string=path, string=/api/v1/product/1, string=query, string=, string=ip, string=::1, string=cost, time.Duration=181.2µs, string=user-agent, string=PostmanRuntime/7.32.3, string=error, string=)
2023-08-07 19:58:27.349	[35mDEBUG[0m	/api/v1/user/1%!(EXTRA string=status, int=200, string=method, string=DELETE, string=path, string=/api/v1/user/1, string=query, string=, string=ip, string=::1, string=cost, time.Duration=7.5418ms, string=user-agent, string=PostmanRuntime/7.32.3, string=error, string=)
2023-08-07 19:58:32.872	[35mDEBUG[0m	/api/v1/user/3%!(EXTRA string=status, int=200, string=method, string=DELETE, string=path, string=/api/v1/user/3, string=query, string=, string=ip, string=::1, string=cost, time.Duration=16.0515ms, string=user-agent, string=PostmanRuntime/7.32.3, string=error, string=)
2023-08-07 19:58:47.224	[35mDEBUG[0m	/api/v1/user/5%!(EXTRA string=status, int=200, string=method, string=GET, string=path, string=/api/v1/user/5, string=query, string=, string=ip, string=::1, string=cost, time.Duration=5.3483ms, string=user-agent, string=PostmanRuntime/7.32.3, string=error, string=)
2023-08-07 19:58:53.834	[35mDEBUG[0m	/api/v1/user/6%!(EXTRA string=status, int=200, string=method, string=GET, string=path, string=/api/v1/user/6, string=query, string=, string=ip, string=::1, string=cost, time.Duration=2.1253ms, string=user-agent, string=PostmanRuntime/7.32.3, string=error, string=)
2023-08-07 19:59:12.306	[35mDEBUG[0m	/api/v1/product/2%!(EXTRA string=status, int=200, string=method, string=GET, string=path, string=/api/v1/product/2, string=query, string=, string=ip, string=::1, string=cost, time.Duration=674.1µs, string=user-agent, string=PostmanRuntime/7.32.3, string=error, string=)
2023-08-07 20:00:20.757	[35mDEBUG[0m	/api/v1/product/2%!(EXTRA string=status, int=200, string=method, string=GET, string=path, string=/api/v1/product/2, string=query, string=, string=ip, string=::1, string=cost, time.Duration=402.5µs, string=user-agent, string=PostmanRuntime/7.32.3, string=error, string=)
2023-08-07 20:02:42.940	[35mDEBUG[0m	/api/v1/product/1%!(EXTRA string=status, int=200, string=method, string=GET, string=path, string=/api/v1/product/1, string=query, string=, string=ip, string=::1, string=cost, time.Duration=315.6µs, string=user-agent, string=PostmanRuntime/7.32.3, string=error, string=)
2023-08-07 20:03:08.644	[35mDEBUG[0m	/api/v1/product/3%!(EXTRA string=status, int=200, string=method, string=GET, string=path, string=/api/v1/product/3, string=query, string=, string=ip, string=::1, string=cost, time.Duration=2.0015ms, string=user-agent, string=PostmanRuntime/7.32.3, string=error, string=)
2023-08-07 20:03:33.783	[35mDEBUG[0m	/api/v1/product/3%!(EXTRA string=status, int=200, string=method, string=GET, string=path, string=/api/v1/product/3, string=query, string=, string=ip, string=::1, string=cost, time.Duration=2.2531ms, string=user-agent, string=PostmanRuntime/7.32.3, string=error, string=)
2023-08-07 20:03:34.943	[35mDEBUG[0m	/api/v1/product/3%!(EXTRA string=status, int=200, string=method, string=GET, string=path, string=/api/v1/product/3, string=query, string=, string=ip, string=::1, string=cost, time.Duration=1.001ms, string=user-agent, string=PostmanRuntime/7.32.3, string=error, string=)
2023-08-07 20:04:11.462	[35mDEBUG[0m	/api/v1/product/3%!(EXTRA string=status, int=200, string=method, string=GET, string=path, string=/api/v1/product/3, string=query, string=, string=ip, string=::1, string=cost, time.Duration=516.7µs, string=user-agent, string=PostmanRuntime/7.32.3, string=error, string=)
2023-08-07 20:04:44.027	[35mDEBUG[0m	/api/v1/product/3%!(EXTRA string=status, int=200, string=method, string=GET, string=path, string=/api/v1/product/3, string=query, string=, string=ip, string=::1, string=cost, time.Duration=529.2µs, string=user-agent, string=PostmanRuntime/7.32.3, string=error, string=)
2023-08-07 20:05:13.452	[35mDEBUG[0m	/api/v1/product%!(EXTRA string=status, int=200, string=method, string=POST, string=path, string=/api/v1/product, string=query, string=, string=ip, string=::1, string=cost, time.Duration=31.1063ms, string=user-agent, string=PostmanRuntime/7.32.3, string=error, string=)
2023-08-07 20:06:54.919	[35mDEBUG[0m	/api/v1/product/1%!(EXTRA string=status, int=200, string=method, string=PUT, string=path, string=/api/v1/product/1, string=query, string=, string=ip, string=::1, string=cost, time.Duration=20.0869ms, string=user-agent, string=PostmanRuntime/7.32.3, string=error, string=)
2023-08-07 20:07:16.042	[35mDEBUG[0m	/api/v1/product/1%!(EXTRA string=status, int=200, string=method, string=PUT, string=path, string=/api/v1/product/1, string=query, string=, string=ip, string=::1, string=cost, time.Duration=9.5553ms, string=user-agent, string=PostmanRuntime/7.32.3, string=error, string=)
2023-08-07 20:08:30.341	[35mDEBUG[0m	/api/v1/product/1%!(EXTRA string=status, int=200, string=method, string=PUT, string=path, string=/api/v1/product/1, string=query, string=, string=ip, string=::1, string=cost, time.Duration=11.2275ms, string=user-agent, string=PostmanRuntime/7.32.3, string=error, string=)
2023-08-07 20:09:01.799	[35mDEBUG[0m	/api/v1/product/1%!(EXTRA string=status, int=200, string=method, string=GET, string=path, string=/api/v1/product/1, string=query, string=, string=ip, string=::1, string=cost, time.Duration=506.1µs, string=user-agent, string=PostmanRuntime/7.32.3, string=error, string=)
2023-08-07 20:09:31.061	[35mDEBUG[0m	/api/v1/user/2%!(EXTRA string=status, int=200, string=method, string=GET, string=path, string=/api/v1/user/2, string=query, string=, string=ip, string=::1, string=cost, time.Duration=7.6431ms, string=user-agent, string=PostmanRuntime/7.32.3, string=error, string=)
2023-08-07 20:10:20.607	[35mDEBUG[0m	/api/v1/product/2%!(EXTRA string=status, int=200, string=method, string=GET, string=path, string=/api/v1/product/2, string=query, string=, string=ip, string=::1, string=cost, time.Duration=484.9µs, string=user-agent, string=PostmanRuntime/7.32.3, string=error, string=)
2023-08-07 20:11:46.972	[35mDEBUG[0m	/api/v1/product/2%!(EXTRA string=status, int=200, string=method, string=GET, string=path, string=/api/v1/product/2, string=query, string=, string=ip, string=::1, string=cost, time.Duration=1ms, string=user-agent, string=PostmanRuntime/7.32.3, string=error, string=)
2023-08-07 20:11:51.726	[35mDEBUG[0m	/api/v1/user/2%!(EXTRA string=status, int=200, string=method, string=GET, string=path, string=/api/v1/user/2, string=query, string=, string=ip, string=::1, string=cost, time.Duration=7.2571ms, string=user-agent, string=PostmanRuntime/7.32.3, string=error, string=)
2023-08-07 20:12:08.884	[35mDEBUG[0m	/api/v1/product/3%!(EXTRA string=status, int=200, string=method, string=DELETE, string=path, string=/api/v1/product/3, string=query, string=, string=ip, string=::1, string=cost, time.Duration=19.362ms, string=user-agent, string=PostmanRuntime/7.32.3, string=error, string=)
2023-08-07 20:13:27.318	[35mDEBUG[0m	/api/v1/product/2%!(EXTRA string=status, int=200, string=method, string=DELETE, string=path, string=/api/v1/product/2, string=query, string=, string=ip, string=::1, string=cost, time.Duration=7.1554ms, string=user-agent, string=PostmanRuntime/7.32.3, string=error, string=)
2023-08-07 20:17:14.446	[35mDEBUG[0m	/api/v1/products%!(EXTRA string=status, int=200, string=method, string=DELETE, string=path, string=/api/v1/products, string=query, string=page_size=10&page_token=1, string=ip, string=::1, string=cost, time.Duration=120.4µs, string=user-agent, string=PostmanRuntime/7.32.3, string=error, string=)
2023-08-07 20:17:24.121	[35mDEBUG[0m	/api/v1/products%!(EXTRA string=status, int=200, string=method, string=GET, string=path, string=/api/v1/products, string=query, string=page_size=10&page_token=1, string=ip, string=::1, string=cost, time.Duration=8.3512ms, string=user-agent, string=PostmanRuntime/7.32.3, string=error, string=)
2023-08-07 20:19:48.560	[35mDEBUG[0m	/api/v1/products%!(EXTRA string=status, int=200, string=method, string=GET, string=path, string=/api/v1/products, string=query, string=page_size=10&page_token=1, string=ip, string=::1, string=cost, time.Duration=7.0608ms, string=user-agent, string=PostmanRuntime/7.32.3, string=error, string=)
2023-08-07 20:28:46.704	[35mDEBUG[0m	/api/v1/product%!(EXTRA string=status, int=200, string=method, string=POST, string=path, string=/api/v1/product, string=query, string=, string=ip, string=::1, string=cost, time.Duration=19.1151ms, string=user-agent, string=PostmanRuntime/7.32.3, string=error, string=)
2023-08-07 20:29:42.559	[35mDEBUG[0m	/api/v1/product%!(EXTRA string=status, int=200, string=method, string=POST, string=path, string=/api/v1/product, string=query, string=, string=ip, string=::1, string=cost, time.Duration=10.0434ms, string=user-agent, string=PostmanRuntime/7.32.3, string=error, string=)
2023-08-07 20:30:19.021	[35mDEBUG[0m	/api/v1/project/1%!(EXTRA string=status, int=200, string=method, string=PUT, string=path, string=/api/v1/project/1, string=query, string=, string=ip, string=::1, string=cost, time.Duration=13.649ms, string=user-agent, string=PostmanRuntime/7.32.3, string=error, string=)
2023-08-07 20:31:22.122	[35mDEBUG[0m	/api/v1/project/1%!(EXTRA string=status, int=200, string=method, string=PUT, string=path, string=/api/v1/project/1, string=query, string=, string=ip, string=::1, string=cost, time.Duration=7.1708ms, string=user-agent, string=PostmanRuntime/7.32.3, string=error, string=)
2023-08-07 20:33:22.844	[35mDEBUG[0m	/api/v1/project%!(EXTRA string=status, int=200, string=method, string=POST, string=path, string=/api/v1/project, string=query, string=, string=ip, string=::1, string=cost, time.Duration=6.3034ms, string=user-agent, string=PostmanRuntime/7.32.3, string=error, string=)
2023-08-07 20:37:01.537	[35mDEBUG[0m	/api/v1/project%!(EXTRA string=status, int=200, string=method, string=POST, string=path, string=/api/v1/project, string=query, string=, string=ip, string=::1, string=cost, time.Duration=7.2443ms, string=user-agent, string=PostmanRuntime/7.32.3, string=error, string=)
2023-08-07 20:42:12.621	[35mDEBUG[0m	/api/v1/project%!(EXTRA string=status, int=200, string=method, string=POST, string=path, string=/api/v1/project, string=query, string=, string=ip, string=::1, string=cost, time.Duration=20.175ms, string=user-agent, string=PostmanRuntime/7.32.3, string=error, string=)
2023-08-07 20:43:35.730	[35mDEBUG[0m	/api/v1/project%!(EXTRA string=status, int=200, string=method, string=POST, string=path, string=/api/v1/project, string=query, string=, string=ip, string=::1, string=cost, time.Duration=18.7832ms, string=user-agent, string=PostmanRuntime/7.32.3, string=error, string=)
2023-08-07 20:43:46.792	[35mDEBUG[0m	/api/v1/project/1%!(EXTRA string=status, int=200, string=method, string=PUT, string=path, string=/api/v1/project/1, string=query, string=, string=ip, string=::1, string=cost, time.Duration=8.7764ms, string=user-agent, string=PostmanRuntime/7.32.3, string=error, string=)
2023-08-07 20:43:59.279	[35mDEBUG[0m	/api/v1/project/1%!(EXTRA string=status, int=200, string=method, string=GET, string=path, string=/api/v1/project/1, string=query, string=, string=ip, string=::1, string=cost, time.Duration=522.2µs, string=user-agent, string=PostmanRuntime/7.32.3, string=error, string=)
2023-08-07 20:44:17.904	[35mDEBUG[0m	/api/v1/user/1%!(EXTRA string=status, int=200, string=method, string=GET, string=path, string=/api/v1/user/1, string=query, string=, string=ip, string=::1, string=cost, time.Duration=5.7346ms, string=user-agent, string=PostmanRuntime/7.32.3, string=error, string=)
2023-08-07 20:46:05.879	[35mDEBUG[0m	/api/v1/project/1%!(EXTRA string=status, int=200, string=method, string=GET, string=path, string=/api/v1/project/1, string=query, string=, string=ip, string=::1, string=cost, time.Duration=0s, string=user-agent, string=PostmanRuntime/7.32.3, string=error, string=)
2023-08-07 20:46:34.006	[35mDEBUG[0m	/api/v1/project/1%!(EXTRA string=status, int=200, string=method, string=GET, string=path, string=/api/v1/project/1, string=query, string=, string=ip, string=::1, string=cost, time.Duration=619.6µs, string=user-agent, string=PostmanRuntime/7.32.3, string=error, string=)
2023-08-07 20:48:32.300	[35mDEBUG[0m	/api/v1/project/1%!(EXTRA string=status, int=200, string=method, string=DELETE, string=path, string=/api/v1/project/1, string=query, string=, string=ip, string=::1, string=cost, time.Duration=18.6799ms, string=user-agent, string=PostmanRuntime/7.32.3, string=error, string=)
2023-08-07 20:48:49.180	[35mDEBUG[0m	/api/v1/projects%!(EXTRA string=status, int=200, string=method, string=GET, string=path, string=/api/v1/projects, string=query, string=, string=ip, string=::1, string=cost, time.Duration=539µs, string=user-agent, string=PostmanRuntime/7.32.3, string=error, string=)
2023-08-07 20:49:17.457	[35mDEBUG[0m	/api/v1/projects%!(EXTRA string=status, int=200, string=method, string=GET, string=path, string=/api/v1/projects, string=query, string=page_size=10&page_token=1, string=ip, string=::1, string=cost, time.Duration=7.4311ms, string=user-agent, string=PostmanRuntime/7.32.3, string=error, string=)
2023-08-07 20:51:21.859	[35mDEBUG[0m	/api/v1/project/1%!(EXTRA string=status, int=200, string=method, string=GET, string=path, string=/api/v1/project/1, string=query, string=, string=ip, string=::1, string=cost, time.Duration=388.5µs, string=user-agent, string=PostmanRuntime/7.32.3, string=error, string=)
2023-08-07 20:51:31.581	[35mDEBUG[0m	/api/v1/user/1%!(EXTRA string=status, int=200, string=method, string=GET, string=path, string=/api/v1/user/1, string=query, string=, string=ip, string=::1, string=cost, time.Duration=6.1848ms, string=user-agent, string=PostmanRuntime/7.32.3, string=error, string=)
2023-08-07 20:53:09.755	[35mDEBUG[0m	/api/v1/project/1%!(EXTRA string=status, int=200, string=method, string=GET, string=path, string=/api/v1/project/1, string=query, string=, string=ip, string=::1, string=cost, time.Duration=2.1227ms, string=user-agent, string=PostmanRuntime/7.32.3, string=error, string=)
2023-08-07 21:02:19.079	[35mDEBUG[0m	/api/v1/project/%!(EXTRA string=status, int=200, string=method, string=GET, string=path, string=/api/v1/project/, string=query, string=, string=ip, string=::1, string=cost, time.Duration=405.9µs, string=user-agent, string=PostmanRuntime/7.32.3, string=error, string=)
2023-08-07 21:03:35.487	[35mDEBUG[0m	/api/v1/project/%!(EXTRA string=status, int=200, string=method, string=GET, string=path, string=/api/v1/project/, string=query, string=id=1, string=ip, string=::1, string=cost, time.Duration=0s, string=user-agent, string=PostmanRuntime/7.32.3, string=error, string=)
2023-08-07 21:03:48.429	[35mDEBUG[0m	/api/v1/project/{1}%!(EXTRA string=status, int=200, string=method, string=GET, string=path, string=/api/v1/project/{1}, string=query, string=, string=ip, string=::1, string=cost, time.Duration=239.3µs, string=user-agent, string=PostmanRuntime/7.32.3, string=error, string=)
2023-08-07 21:04:10.421	[35mDEBUG[0m	/api/v1/project/1%!(EXTRA string=status, int=200, string=method, string=GET, string=path, string=/api/v1/project/1, string=query, string=, string=ip, string=::1, string=cost, time.Duration=530.2µs, string=user-agent, string=PostmanRuntime/7.32.3, string=error, string=)
2023-08-07 21:04:19.572	[35mDEBUG[0m	/api/v1/product/1%!(EXTRA string=status, int=200, string=method, string=GET, string=path, string=/api/v1/product/1, string=query, string=, string=ip, string=::1, string=cost, time.Duration=1.0885ms, string=user-agent, string=PostmanRuntime/7.32.3, string=error, string=)
2023-08-07 21:06:53.652	[35mDEBUG[0m	/api/v1/user/1%!(EXTRA string=status, int=200, string=method, string=GET, string=path, string=/api/v1/user/1, string=query, string=, string=ip, string=::1, string=cost, time.Duration=18.7902ms, string=user-agent, string=PostmanRuntime/7.32.3, string=error, string=)
2023-08-07 21:07:13.392	[35mDEBUG[0m	/api/v1/project%!(EXTRA string=status, int=200, string=method, string=POST, string=path, string=/api/v1/project, string=query, string=, string=ip, string=::1, string=cost, time.Duration=8.0751ms, string=user-agent, string=PostmanRuntime/7.32.3, string=error, string=)
2023-08-07 21:11:23.309	[35mDEBUG[0m	/api/v1/project/2%!(EXTRA string=status, int=200, string=method, string=GET, string=path, string=/api/v1/project/2, string=query, string=, string=ip, string=::1, string=cost, time.Duration=1.0491ms, string=user-agent, string=PostmanRuntime/7.32.3, string=error, string=)
2023-08-07 22:47:57.536	[34mINFO[0m	ping redis fail! err:EOF
2023-08-07 22:50:16.131	[34mINFO[0m	ping redis fail! err:EOF
2023-08-07 22:52:25.253	[34mINFO[0m	ping redis fail! err:EOF
2023-08-07 22:59:47.873	[34mINFO[0m	get project by id: 1
2023-08-07 22:59:47.875	[35mDEBUG[0m	/api/v1/project/1%!(EXTRA string=status, int=200, string=method, string=GET, string=path, string=/api/v1/project/1, string=query, string=, string=ip, string=127.0.0.1, string=cost, time.Duration=4.513667ms, string=user-agent, string=PostmanRuntime/7.32.3, string=error, string=)
2023-08-07 23:04:42.228	[34mINFO[0m	get project by id: 1
2023-08-07 23:04:42.238	[35mDEBUG[0m	/api/v1/project/1%!(EXTRA string=status, int=200, string=method, string=GET, string=path, string=/api/v1/project/1, string=query, string=, string=ip, string=127.0.0.1, string=cost, time.Duration=12.158958ms, string=user-agent, string=PostmanRuntime/7.32.3, string=error, string=)
2023-08-07 23:04:44.012	[34mINFO[0m	get project by id: 1
2023-08-07 23:04:44.024	[35mDEBUG[0m	/api/v1/project/1%!(EXTRA string=status, int=200, string=method, string=GET, string=path, string=/api/v1/project/1, string=query, string=, string=ip, string=127.0.0.1, string=cost, time.Duration=13.153709ms, string=user-agent, string=PostmanRuntime/7.32.3, string=error, string=)
2023-08-07 23:05:57.643	[35mDEBUG[0m	/api/v1/project%!(EXTRA string=status, int=200, string=method, string=POST, string=path, string=/api/v1/project, string=query, string=, string=ip, string=127.0.0.1, string=cost, time.Duration=10.348875ms, string=user-agent, string=PostmanRuntime/7.32.3, string=error, string=)
2023-08-07 23:06:02.697	[34mINFO[0m	get project by id: 1
2023-08-07 23:06:02.703	[35mDEBUG[0m	/api/v1/project/1%!(EXTRA string=status, int=200, string=method, string=GET, string=path, string=/api/v1/project/1, string=query, string=, string=ip, string=127.0.0.1, string=cost, time.Duration=5.947625ms, string=user-agent, string=PostmanRuntime/7.32.3, string=error, string=)
2023-08-07 23:06:15.846	[34mINFO[0m	get project by id: 0
2023-08-07 23:06:15.846	[35mDEBUG[0m	/api/v1/project/0%!(EXTRA string=status, int=200, string=method, string=GET, string=path, string=/api/v1/project/0, string=query, string=, string=ip, string=127.0.0.1, string=cost, time.Duration=1.219625ms, string=user-agent, string=PostmanRuntime/7.32.3, string=error, string=)
2023-08-07 23:08:41.967	[34mINFO[0m	get project by id: 0
2023-08-07 23:08:41.977	[35mDEBUG[0m	/api/v1/project/0%!(EXTRA string=status, int=200, string=method, string=GET, string=path, string=/api/v1/project/0, string=query, string=, string=ip, string=127.0.0.1, string=cost, time.Duration=14.265041ms, string=user-agent, string=PostmanRuntime/7.32.3, string=error, string=)
2023-08-07 23:09:37.503	[35mDEBUG[0m	/api/v1/user/0%!(EXTRA string=status, int=200, string=method, string=GET, string=path, string=/api/v1/user/0, string=query, string=, string=ip, string=127.0.0.1, string=cost, time.Duration=6.7035ms, string=user-agent, string=PostmanRuntime/7.32.3, string=error, string=)
2023-08-07 23:09:38.821	[35mDEBUG[0m	/api/v1/user/0%!(EXTRA string=status, int=200, string=method, string=GET, string=path, string=/api/v1/user/0, string=query, string=, string=ip, string=127.0.0.1, string=cost, time.Duration=6.760959ms, string=user-agent, string=PostmanRuntime/7.32.3, string=error, string=)
2023-08-07 23:11:17.083	[34mINFO[0m	get project by id: 2
2023-08-07 23:11:17.109	[35mDEBUG[0m	/api/v1/project/2%!(EXTRA string=status, int=200, string=method, string=GET, string=path, string=/api/v1/project/2, string=query, string=, string=ip, string=127.0.0.1, string=cost, time.Duration=26.406458ms, string=user-agent, string=PostmanRuntime/7.32.3, string=error, string=)
2023-08-07 23:11:18.927	[34mINFO[0m	get project by id: 2
2023-08-07 23:11:18.936	[35mDEBUG[0m	/api/v1/project/2%!(EXTRA string=status, int=200, string=method, string=GET, string=path, string=/api/v1/project/2, string=query, string=, string=ip, string=127.0.0.1, string=cost, time.Duration=8.503459ms, string=user-agent, string=PostmanRuntime/7.32.3, string=error, string=)
2023-08-07 23:11:25.339	[34mINFO[0m	get project by id: 1
2023-08-07 23:11:25.342	[35mDEBUG[0m	/api/v1/project/1%!(EXTRA string=status, int=200, string=method, string=GET, string=path, string=/api/v1/project/1, string=query, string=, string=ip, string=127.0.0.1, string=cost, time.Duration=3.534917ms, string=user-agent, string=PostmanRuntime/7.32.3, string=error, string=)
2023-08-08 11:24:11.118	[34mINFO[0m	get project by id: 1
2023-08-08 11:24:11.130	[35mDEBUG[0m	/api/v1/project/1%!(EXTRA string=status, int=200, string=method, string=GET, string=path, string=/api/v1/project/1, string=query, string=, string=ip, string=::1, string=cost, time.Duration=12.7244ms, string=user-agent, string=PostmanRuntime/7.32.3, string=error, string=)
2023-08-08 11:24:18.795	[34mINFO[0m	get project by id: 2
2023-08-08 11:24:18.797	[35mDEBUG[0m	/api/v1/project/2%!(EXTRA string=status, int=200, string=method, string=GET, string=path, string=/api/v1/project/2, string=query, string=, string=ip, string=::1, string=cost, time.Duration=2.4065ms, string=user-agent, string=PostmanRuntime/7.32.3, string=error, string=)
2023-08-08 11:24:24.581	[34mINFO[0m	get project by id: 3
2023-08-08 11:24:24.587	[35mDEBUG[0m	/api/v1/project/3%!(EXTRA string=status, int=200, string=method, string=GET, string=path, string=/api/v1/project/3, string=query, string=, string=ip, string=::1, string=cost, time.Duration=6.245ms, string=user-agent, string=PostmanRuntime/7.32.3, string=error, string=)
2023-08-08 11:24:30.233	[34mINFO[0m	get project by id: 4
2023-08-08 11:24:30.236	[35mDEBUG[0m	/api/v1/project/4%!(EXTRA string=status, int=200, string=method, string=GET, string=path, string=/api/v1/project/4, string=query, string=, string=ip, string=::1, string=cost, time.Duration=2.7141ms, string=user-agent, string=PostmanRuntime/7.32.3, string=error, string=)
2023-08-14 16:57:50.279	[35mDEBUG[0m	/api/v1/project%!(EXTRA string=status, int=200, string=method, string=POST, string=path, string=/api/v1/project, string=query, string=, string=ip, string=::1, string=cost, time.Duration=23.8408ms, string=user-agent, string=PostmanRuntime/7.32.3, string=error, string=)
2023-08-14 17:14:46.390	[35mDEBUG[0m	/api/v1/project%!(EXTRA string=status, int=200, string=method, string=POST, string=path, string=/api/v1/project, string=query, string=, string=ip, string=::1, string=cost, time.Duration=19.2923ms, string=user-agent, string=PostmanRuntime/7.32.3, string=error, string=)
2023-08-14 17:15:02.007	[35mDEBUG[0m	/api/v1/project%!(EXTRA string=status, int=200, string=method, string=POST, string=path, string=/api/v1/project, string=query, string=, string=ip, string=::1, string=cost, time.Duration=1.7098ms, string=user-agent, string=PostmanRuntime/7.32.3, string=error, string=)
2023-08-14 17:24:21.094	[35mDEBUG[0m	/api/v1/project%!(EXTRA string=status, int=200, string=method, string=POST, string=path, string=/api/v1/project, string=query, string=, string=ip, string=::1, string=cost, time.Duration=1.1088ms, string=user-agent, string=PostmanRuntime/7.32.3, string=error, string=)
2023-08-14 17:25:56.118	[35mDEBUG[0m	/api/v1/project%!(EXTRA string=status, int=200, string=method, string=POST, string=path, string=/api/v1/project, string=query, string=, string=ip, string=::1, string=cost, time.Duration=7.7272ms, string=user-agent, string=PostmanRuntime/7.32.3, string=error, string=)
2023-08-14 17:27:32.804	[35mDEBUG[0m	/api/v1/project%!(EXTRA string=status, int=200, string=method, string=POST, string=path, string=/api/v1/project, string=query, string=, string=ip, string=::1, string=cost, time.Duration=17.8974ms, string=user-agent, string=PostmanRuntime/7.32.3, string=error, string=)
2023-08-14 17:30:02.905	[35mDEBUG[0m	/api/v1/project%!(EXTRA string=status, int=200, string=method, string=POST, string=path, string=/api/v1/project, string=query, string=, string=ip, string=::1, string=cost, time.Duration=10.8219ms, string=user-agent, string=PostmanRuntime/7.32.3, string=error, string=)
2023-08-16 19:59:24.603	[34mINFO[0m	get project by id: 7
2023-08-16 19:59:24.660	[35mDEBUG[0m	/api/v1/module%!(EXTRA string=status, int=200, string=method, string=POST, string=path, string=/api/v1/module, string=query, string=, string=ip, string=::1, string=cost, time.Duration=58.1245ms, string=user-agent, string=PostmanRuntime/7.32.3, string=error, string=)
2023-08-16 19:59:33.311	[34mINFO[0m	get project by id: 1
2023-08-16 19:59:33.349	[35mDEBUG[0m	/api/v1/module%!(EXTRA string=status, int=200, string=method, string=POST, string=path, string=/api/v1/module, string=query, string=, string=ip, string=::1, string=cost, time.Duration=38.8753ms, string=user-agent, string=PostmanRuntime/7.32.3, string=error, string=)
2023-08-16 20:02:44.484	[34mINFO[0m	get project by id: 7
2023-08-16 20:02:44.500	[35mDEBUG[0m	/api/v1/module%!(EXTRA string=status, int=200, string=method, string=POST, string=path, string=/api/v1/module, string=query, string=, string=ip, string=::1, string=cost, time.Duration=17.0969ms, string=user-agent, string=PostmanRuntime/7.32.3, string=error, string=)
2023-08-16 20:03:08.428	[34mINFO[0m	get project by id: 7
2023-08-16 20:03:08.446	[35mDEBUG[0m	/api/v1/module%!(EXTRA string=status, int=200, string=method, string=POST, string=path, string=/api/v1/module, string=query, string=, string=ip, string=::1, string=cost, time.Duration=17.8731ms, string=user-agent, string=PostmanRuntime/7.32.3, string=error, string=)
2023-08-16 20:03:13.065	[34mINFO[0m	get project by id: 2
2023-08-16 20:03:13.084	[35mDEBUG[0m	/api/v1/module%!(EXTRA string=status, int=200, string=method, string=POST, string=path, string=/api/v1/module, string=query, string=, string=ip, string=::1, string=cost, time.Duration=19.8763ms, string=user-agent, string=PostmanRuntime/7.32.3, string=error, string=)
2023-08-16 20:06:56.461	[35mDEBUG[0m	/api/v1/module%!(EXTRA string=status, int=200, string=method, string=PUT, string=path, string=/api/v1/module, string=query, string=, string=ip, string=::1, string=cost, time.Duration=0s, string=user-agent, string=PostmanRuntime/7.32.3, string=error, string=)
2023-08-16 20:07:40.776	[35mDEBUG[0m	/api/v1/module/1%!(EXTRA string=status, int=200, string=method, string=PUT, string=path, string=/api/v1/module/1, string=query, string=, string=ip, string=::1, string=cost, time.Duration=32.8562ms, string=user-agent, string=PostmanRuntime/7.32.3, string=error, string=)
2023-08-16 20:08:13.768	[35mDEBUG[0m	/api/v1/module/1%!(EXTRA string=status, int=200, string=method, string=PUT, string=path, string=/api/v1/module/1, string=query, string=, string=ip, string=::1, string=cost, time.Duration=7.8983ms, string=user-agent, string=PostmanRuntime/7.32.3, string=error, string=)
2023-08-16 20:08:54.523	[35mDEBUG[0m	/api/v1/module/1%!(EXTRA string=status, int=200, string=method, string=GET, string=path, string=/api/v1/module/1, string=query, string=, string=ip, string=::1, string=cost, time.Duration=7.7716ms, string=user-agent, string=PostmanRuntime/7.32.3, string=error, string=)
